16:35:14.956 [sandbox-akka.actor.default-dispatcher-16] INFO  c.d.l.server.apiserver.ApiServices$ - DAML LF Engine supports LF versions: 0, 0.dev, 1.0, 1.1, 1.2, 1.3, 1.4, 1.dev; Transaction versions: 1, 2, 3, 4, 5, 6, 7; Value versions: 1, 2, 3, 4 
16:35:15.146 [sandbox-akka.actor.default-dispatcher-16] INFO  c.d.l.s.apiserver.LedgerApiServer - Starting plainText server 
16:35:25.123 [sandbox-akka.actor.default-dispatcher-16] INFO  c.d.l.s.apiserver.LedgerApiServer - listening on localhost:6865 
16:35:25.132 [main] INFO  c.d.platform.sandbox.SandboxServer$ - Initialized sandbox version 100.12.19 with ledger-id = sandbox-4b096257-4b67-4121-a264-c0431a50aa04, port = 6865, dar file = DamlPackageContainer(List(target\daml\iou.dar)), time mode = Static, ledger = in-memory, daml-engine = {} 
16:42:12.704 [Thread-3] INFO  c.d.p.s.s.c.ReferenceCommandService - Shutting down Command Service 
16:42:12.709 [Thread-3] INFO  c.d.p.s.services.command.TrackerMap - Shutting down 0 trackers 
16:42:31.770 [sandbox-akka.actor.default-dispatcher-25] INFO  c.d.l.server.apiserver.ApiServices$ - DAML LF Engine supports LF versions: 0, 0.dev, 1.0, 1.1, 1.2, 1.3, 1.4, 1.dev; Transaction versions: 1, 2, 3, 4, 5, 6, 7; Value versions: 1, 2, 3, 4 
16:42:31.929 [sandbox-akka.actor.default-dispatcher-25] INFO  c.d.l.s.apiserver.LedgerApiServer - Starting plainText server 
16:42:41.738 [sandbox-akka.actor.default-dispatcher-25] INFO  c.d.l.s.apiserver.LedgerApiServer - listening on localhost:6865 
16:42:41.747 [main] INFO  c.d.platform.sandbox.SandboxServer$ - Initialized sandbox version 100.12.19 with ledger-id = sandbox-d615d66a-8454-4428-b49b-da3fd2d8cfee, port = 6865, dar file = DamlPackageContainer(List(target\daml\iou.dar)), time mode = Static, ledger = in-memory, daml-engine = {} 
16:45:51.410 [Thread-3] INFO  c.d.p.s.s.c.ReferenceCommandService - Shutting down Command Service 
16:45:51.411 [Thread-3] INFO  c.d.p.s.services.command.TrackerMap - Shutting down 0 trackers 
16:46:10.601 [sandbox-akka.actor.default-dispatcher-13] INFO  c.d.l.server.apiserver.ApiServices$ - DAML LF Engine supports LF versions: 0, 0.dev, 1.0, 1.1, 1.2, 1.3, 1.4, 1.dev; Transaction versions: 1, 2, 3, 4, 5, 6, 7; Value versions: 1, 2, 3, 4 
16:46:10.764 [sandbox-akka.actor.default-dispatcher-13] INFO  c.d.l.s.apiserver.LedgerApiServer - Starting plainText server 
16:46:20.703 [sandbox-akka.actor.default-dispatcher-13] INFO  c.d.l.s.apiserver.LedgerApiServer - listening on localhost:6865 
16:46:20.712 [main] INFO  c.d.platform.sandbox.SandboxServer$ - Initialized sandbox version 100.12.19 with ledger-id = sandbox-1af9bd95-e457-4353-ac0c-4f597bcbe52a, port = 6865, dar file = DamlPackageContainer(List(target\daml\iou.dar)), time mode = Static, ledger = in-memory, daml-engine = {} 
16:50:13.489 [Thread-3] INFO  c.d.p.s.s.c.ReferenceCommandService - Shutting down Command Service 
16:50:13.494 [Thread-3] INFO  c.d.p.s.services.command.TrackerMap - Shutting down 0 trackers 
16:04:53.858 [sandbox-akka.actor.default-dispatcher-8] INFO  c.d.l.server.apiserver.ApiServices$ - DAML LF Engine supports LF versions: 0, 0.dev, 1.0, 1.1, 1.2, 1.3, 1.4, 1.dev; Transaction versions: 1, 2, 3, 4, 5, 6, 7; Value versions: 1, 2, 3, 4 
16:04:54.070 [sandbox-akka.actor.default-dispatcher-8] INFO  c.d.l.s.apiserver.LedgerApiServer - Starting plainText server 
16:05:03.988 [sandbox-akka.actor.default-dispatcher-8] INFO  c.d.l.s.apiserver.LedgerApiServer - listening on localhost:6865 
16:05:03.997 [main] INFO  c.d.platform.sandbox.SandboxServer$ - Initialized sandbox version 100.12.19 with ledger-id = sandbox-3f9cc122-3b12-4aa4-ada7-f3e0db913aa6, port = 6865, dar file = DamlPackageContainer(List(.\target\daml\iou.dar)), time mode = Static, ledger = in-memory, daml-engine = {} 
16:45:19.867 [Thread-3] INFO  c.d.p.s.s.c.ReferenceCommandService - Shutting down Command Service 
16:45:19.874 [Thread-3] INFO  c.d.p.s.services.command.TrackerMap - Shutting down 0 trackers 
17:22:43.652 [sandbox-akka.actor.default-dispatcher-21] INFO  c.d.l.server.apiserver.ApiServices$ - DAML LF Engine supports LF versions: 0, 0.dev, 1.0, 1.1, 1.2, 1.3, 1.4, 1.dev; Transaction versions: 1, 2, 3, 4, 5, 6, 7; Value versions: 1, 2, 3, 4 
17:22:43.868 [sandbox-akka.actor.default-dispatcher-21] INFO  c.d.l.s.apiserver.LedgerApiServer - Starting plainText server 
17:22:54.041 [sandbox-akka.actor.default-dispatcher-21] INFO  c.d.l.s.apiserver.LedgerApiServer - listening on localhost:6865 
17:22:54.051 [main] INFO  c.d.platform.sandbox.SandboxServer$ - Initialized sandbox version 100.12.19 with ledger-id = sandbox-e276e656-c8ef-4866-9619-cd487dcf2580, port = 6865, dar file = DamlPackageContainer(List(target\daml\iou.dar)), time mode = Static, ledger = in-memory, daml-engine = {} 
17:40:47.887 [Thread-3] INFO  c.d.p.s.s.c.ReferenceCommandService - Shutting down Command Service 
17:40:47.895 [Thread-3] INFO  c.d.p.s.services.command.TrackerMap - Shutting down 0 trackers 
17:55:10.976 [sandbox-akka.actor.default-dispatcher-14] INFO  c.d.l.server.apiserver.ApiServices$ - DAML LF Engine supports LF versions: 0, 0.dev, 1.0, 1.1, 1.2, 1.3, 1.4, 1.dev; Transaction versions: 1, 2, 3, 4, 5, 6, 7; Value versions: 1, 2, 3, 4 
17:55:11.138 [sandbox-akka.actor.default-dispatcher-14] INFO  c.d.l.s.apiserver.LedgerApiServer - Starting plainText server 
17:55:21.294 [sandbox-akka.actor.default-dispatcher-14] INFO  c.d.l.s.apiserver.LedgerApiServer - listening on localhost:6865 
17:55:21.302 [main] INFO  c.d.platform.sandbox.SandboxServer$ - Initialized sandbox version 100.12.19 with ledger-id = sandbox-9358371f-2c41-4a53-ba74-8d122a0ad28e, port = 6865, dar file = DamlPackageContainer(List(target\daml\iou.dar)), time mode = Static, ledger = in-memory, daml-engine = {} 
18:05:56.686 [Thread-3] INFO  c.d.p.s.s.c.ReferenceCommandService - Shutting down Command Service 
18:05:56.694 [Thread-3] INFO  c.d.p.s.services.command.TrackerMap - Shutting down 0 trackers 
18:52:35.215 [sandbox-akka.actor.default-dispatcher-24] INFO  c.d.l.server.apiserver.ApiServices$ - DAML LF Engine supports LF versions: 0, 0.dev, 1.0, 1.1, 1.2, 1.3, 1.4, 1.dev; Transaction versions: 1, 2, 3, 4, 5, 6, 7; Value versions: 1, 2, 3, 4 
18:52:35.378 [sandbox-akka.actor.default-dispatcher-24] INFO  c.d.l.s.apiserver.LedgerApiServer - Starting plainText server 
18:52:45.513 [sandbox-akka.actor.default-dispatcher-24] INFO  c.d.l.s.apiserver.LedgerApiServer - listening on localhost:6865 
18:52:45.523 [main] INFO  c.d.platform.sandbox.SandboxServer$ - Initialized sandbox version 100.12.19 with ledger-id = sandbox-2e5feb3c-32cd-460a-9af0-b4a292a5ee82, port = 6865, dar file = DamlPackageContainer(List(target\daml\iou.dar)), time mode = Static, ledger = in-memory, daml-engine = {} 
18:54:12.754 [Thread-3] INFO  c.d.p.s.s.c.ReferenceCommandService - Shutting down Command Service 
18:54:12.761 [Thread-3] INFO  c.d.p.s.services.command.TrackerMap - Shutting down 0 trackers 
18:54:49.492 [sandbox-akka.actor.default-dispatcher-20] INFO  c.d.l.server.apiserver.ApiServices$ - DAML LF Engine supports LF versions: 0, 0.dev, 1.0, 1.1, 1.2, 1.3, 1.4, 1.dev; Transaction versions: 1, 2, 3, 4, 5, 6, 7; Value versions: 1, 2, 3, 4 
18:54:49.640 [sandbox-akka.actor.default-dispatcher-20] INFO  c.d.l.s.apiserver.LedgerApiServer - Starting plainText server 
18:54:59.839 [sandbox-akka.actor.default-dispatcher-20] INFO  c.d.l.s.apiserver.LedgerApiServer - listening on localhost:6865 
18:54:59.847 [main] INFO  c.d.platform.sandbox.SandboxServer$ - Initialized sandbox version 100.12.19 with ledger-id = sandbox-eefc8ed4-971d-4541-8fd6-7fd74b592d54, port = 6865, dar file = DamlPackageContainer(List(target\daml\iou.dar)), time mode = Static, ledger = in-memory, daml-engine = {} 
21:14:04.279 [Thread-3] INFO  c.d.p.s.s.c.ReferenceCommandService - Shutting down Command Service 
21:14:04.282 [Thread-3] INFO  c.d.p.s.services.command.TrackerMap - Shutting down 0 trackers 
